  Graphics.cpp
  D:\Windows Kits\10\Include\10.0.19041.0\um\dinput.h: DIRECTINPUT_VERSION undefined. Defaulting to version 0x0800
D:\VSProjects\PGIZ\Direct3D_Labs\Direct3D_Labs\DirectX 11 Engine VS2017\DirectX 11 Engine VS2017\Graphics\Graphics.cpp(281,23): warning C4244: =: преобразование "int" в "FLOAT", возможна потеря данных
D:\VSProjects\PGIZ\Direct3D_Labs\Direct3D_Labs\DirectX 11 Engine VS2017\DirectX 11 Engine VS2017\Graphics\Graphics.cpp(282,24): warning C4244: =: преобразование "int" в "FLOAT", возможна потеря данных
D:\Visual Studio\Vs\VC\Tools\MSVC\14.31.31103\include\memory(3416,1): warning C4267: инициализация: преобразование из "size_t" в "_Ty"; возможна потеря данных
          with
          [
              _Ty=UINT
          ]
D:\VSProjects\PGIZ\Direct3D_Labs\Direct3D_Labs\DirectX 11 Engine VS2017\DirectX 11 Engine VS2017\Graphics\VertexBuffer.h(48): message : выполняется компиляция ссылки на экземпляр шаблон функции "std::unique_ptr<UINT,std::default_delete<UINT>> std::make_unique<UINT,size_t,0>(size_t &&)"
D:\VSProjects\PGIZ\Direct3D_Labs\Direct3D_Labs\DirectX 11 Engine VS2017\DirectX 11 Engine VS2017\Graphics\VertexBuffer.h(46): message : во время компиляции функции-члена класс шаблон "HRESULT VertexBuffer<Vertex>::Initialize(ID3D11Device *,T *,UINT)"
          with
          [
              T=Vertex
          ]
D:\VSProjects\PGIZ\Direct3D_Labs\Direct3D_Labs\DirectX 11 Engine VS2017\DirectX 11 Engine VS2017\Graphics\Graphics.cpp(424): message : выполняется компиляция ссылки на экземпляр шаблон функции "HRESULT VertexBuffer<Vertex>::Initialize(ID3D11Device *,T *,UINT)"
          with
          [
              T=Vertex
          ]
D:\VSProjects\PGIZ\Direct3D_Labs\Direct3D_Labs\DirectX 11 Engine VS2017\DirectX 11 Engine VS2017\Graphics\Graphics.h(39): message : выполняется компиляция ссылки на экземпляр класс шаблон функции "VertexBuffer<Vertex>"
  DirectX 11 Engine VS2017.vcxproj -> D:\VSProjects\PGIZ\Direct3D_Labs\Direct3D_Labs\DirectX 11 Engine VS2017\x64\Debug\DirectX 11 Engine VS2017.exe
